<?xml version="1.0" encoding="UTF-8"?>
<testsuite xmlns:xsi="http://www.w3.org/2001/XMLSchema-instance" xsi:noNamespaceSchemaLocation="https://maven.apache.org/surefire/maven-surefire-plugin/xsd/surefire-test-report.xsd" name="TestSuite" time="26.49" tests="19" errors="0" skipped="0" failures="1">
  <properties>
[...]
</properties>
  <testcase name="deleteValidArticleTest" classname="com.conduit.request.ApiTest.DeleteArticelApiTest" time="1.427">
    <failure message="expected [204] but found [404]" type="java.lang.AssertionError">java.lang.AssertionError: expected [204] but found [404]
	at com.conduit.request.ApiTest.DeleteArticelApiTest.deleteValidArticleTest(DeleteArticelApiTest.java:45)
</failure>
    <system-out><![CDATA[2024-09-29 05:00:54 [main] INFO  org.testng.internal.Utils - [Warning] The regular expression "getSingleArticleBySlugTestNegative" didn't match any method in class com.conduit.request.ApiTest.DeleteArticelApiTest
2024-09-29 05:00:55 [main] INFO  org.testng.internal.Utils - [Utils] MethodGroupsHelper.collectMethodsByGroup() took 9 ms.
2024-09-29 05:00:55 [main] INFO  org.testng.internal.Utils - [Utils] MethodGroupsHelper.sortMethods() took 22 ms.
2024-09-29 05:00:55 [main] INFO  org.testng.internal.Utils - [Utils] MethodGroupsHelper.collectMethodsByGroup() took 0 ms.
2024-09-29 05:00:55 [main] INFO  org.testng.internal.Utils - [Utils] MethodGroupsHelper.sortMethods() took 0 ms.
2024-09-29 05:00:55 [main] INFO  org.testng.internal.Utils - [Utils] MethodGroupsHelper.collectMethodsByGroup() took 0 ms.
2024-09-29 05:00:55 [main] INFO  org.testng.internal.Utils - [Utils] MethodGroupsHelper.sortMethods() took 0 ms.
2024-09-29 05:00:55 [main] INFO  org.testng.internal.Utils - [Utils] MethodGroupsHelper.collectMethodsByGroup() took 0 ms.
2024-09-29 05:00:55 [main] INFO  org.testng.internal.Utils - [Utils] MethodGroupsHelper.sortMethods() took 0 ms.
2024-09-29 05:00:55 [main] INFO  org.testng.internal.Utils - [Utils] MethodGroupsHelper.collectMethodsByGroup() took 0 ms.
2024-09-29 05:00:55 [main] INFO  org.testng.internal.Utils - [Utils] MethodGroupsHelper.sortMethods() took 0 ms.
2024-09-29 05:00:55 [main] INFO  org.testng.internal.Utils - [Utils] MethodGroupsHelper.collectMethodsByGroup() took 0 ms.
2024-09-29 05:00:55 [main] INFO  org.testng.internal.Utils - [Utils] MethodGroupsHelper.sortMethods() took 0 ms.
2024-09-29 05:00:55 [main] INFO  org.testng.internal.Utils - [Utils] MethodGroupsHelper.collectMethodsByGroup() took 0 ms.
2024-09-29 05:00:55 [main] INFO  org.testng.internal.Utils - [Utils] MethodGroupsHelper.sortMethods() took 0 ms.
2024-09-29 05:00:55 [main] INFO  org.testng.internal.Utils - [Utils] MethodGroupsHelper.collectMethodsByGroup() took 0 ms.
2024-09-29 05:00:55 [main] INFO  org.testng.internal.Utils - [Utils] MethodGroupsHelper.sortMethods() took 0 ms.
2024-09-29 05:00:55 [main] INFO  org.testng.internal.Utils - [Utils] MethodGroupsHelper.collectMethodsByGroup() took 0 ms.
2024-09-29 05:00:55 [main] INFO  org.testng.internal.Utils - [Utils] MethodGroupsHelper.sortMethods() took 0 ms.
2024-09-29 05:00:55 [main] INFO  org.testng.internal.Utils - [Utils] MethodGroupsHelper.collectMethodsByGroup() took 0 ms.
2024-09-29 05:00:55 [main] INFO  org.testng.internal.Utils - [Utils] MethodGroupsHelper.sortMethods() took 0 ms.
2024-09-29 05:00:55 [main] INFO  org.testng.internal.Utils - [Utils] MethodGroupsHelper.collectMethodsByGroup() took 0 ms.
2024-09-29 05:00:55 [main] INFO  org.testng.internal.Utils - [Utils] MethodGroupsHelper.sortMethods() took 0 ms.
2024-09-29 05:00:55 [main] INFO  org.testng.internal.Utils - [Utils] MethodGroupsHelper.collectMethodsByGroup() took 0 ms.
2024-09-29 05:00:55 [main] INFO  org.testng.internal.Utils - [Utils] MethodGroupsHelper.sortMethods() took 0 ms.
2024-09-29 05:00:55 [main] INFO  org.testng.internal.Utils - [Utils] MethodGroupsHelper.collectMethodsByGroup() took 0 ms.
2024-09-29 05:00:55 [main] INFO  org.testng.internal.Utils - [Utils] MethodGroupsHelper.sortMethods() took 0 ms.
2024-09-29 05:00:55 [main] INFO  org.testng.internal.Utils - [Utils] MethodGroupsHelper.collectMethodsByGroup() took 0 ms.
2024-09-29 05:00:55 [main] INFO  org.testng.internal.Utils - [Utils] MethodGroupsHelper.sortMethods() took 0 ms.
2024-09-29 05:00:55 [main] INFO  org.testng.internal.Utils - [Utils] MethodGroupsHelper.collectMethodsByGroup() took 0 ms.
2024-09-29 05:00:55 [main] INFO  org.testng.internal.Utils - [Utils] MethodGroupsHelper.sortMethods() took 0 ms.
2024-09-29 05:00:55 [main] INFO  org.testng.internal.Utils - [Utils] MethodGroupsHelper.collectMethodsByGroup() took 0 ms.
2024-09-29 05:00:55 [main] INFO  org.testng.internal.Utils - [Utils] MethodGroupsHelper.sortMethods() took 0 ms.
2024-09-29 05:00:55 [main] INFO  org.testng.internal.Utils - [Utils] MethodGroupsHelper.collectMethodsByGroup() took 0 ms.
2024-09-29 05:00:55 [main] INFO  org.testng.internal.Utils - [Utils] MethodGroupsHelper.sortMethods() took 0 ms.
2024-09-29 05:00:55 [main] INFO  org.testng.internal.Utils - [Utils] MethodGroupsHelper.collectMethodsByGroup() took 0 ms.
2024-09-29 05:00:55 [main] INFO  org.testng.internal.Utils - [Utils] MethodGroupsHelper.sortMethods() took 0 ms.
2024-09-29 05:00:55 [main] INFO  org.testng.internal.Utils - [Utils] MethodGroupsHelper.collectMethodsByGroup() took 0 ms.
2024-09-29 05:00:55 [main] INFO  org.testng.internal.Utils - [Utils] MethodGroupsHelper.sortMethods() took 0 ms.
2024-09-29 05:00:55 [main] INFO  org.testng.internal.Utils - [Utils] MethodGroupsHelper.collectMethodsByGroup() took 0 ms.
2024-09-29 05:00:55 [main] INFO  org.testng.internal.Utils - [Utils] MethodGroupsHelper.sortMethods() took 0 ms.
2024-09-29 05:00:55 [main] INFO  org.testng.internal.Utils - [Utils] MethodGroupsHelper.collectMethodsByGroup() took 0 ms.
2024-09-29 05:00:55 [main] INFO  org.testng.internal.Utils - [Utils] MethodGroupsHelper.sortMethods() took 1 ms.
2024-09-29 05:00:55 [main] INFO  org.testng.internal.Utils - [Utils] MethodGroupsHelper.collectMethodsByGroup() took 0 ms.
2024-09-29 05:00:55 [main] INFO  org.testng.internal.Utils - [Utils] MethodGroupsHelper.sortMethods() took 0 ms.
2024-09-29 05:00:55 [main] INFO  org.testng.internal.Utils - [Utils] MethodGroupsHelper.collectMethodsByGroup() took 0 ms.
2024-09-29 05:00:55 [main] INFO  org.testng.internal.Utils - [Utils] MethodGroupsHelper.sortMethods() took 0 ms.
2024-09-29 05:00:55 [main] INFO  org.testng.internal.Utils - [Utils] MethodGroupsHelper.collectMethodsByGroup() took 0 ms.
2024-09-29 05:00:55 [main] INFO  org.testng.internal.Utils - [Utils] MethodGroupsHelper.sortMethods() took 0 ms.
2024-09-29 05:00:55 [main] INFO  org.testng.internal.Utils - [Utils] MethodGroupsHelper.collectMethodsByGroup() took 0 ms.
2024-09-29 05:00:55 [main] INFO  org.testng.internal.Utils - [Utils] MethodGroupsHelper.sortMethods() took 0 ms.
2024-09-29 05:00:55 [main] INFO  org.testng.internal.Utils - [Utils] MethodGroupsHelper.collectMethodsByGroup() took 0 ms.
2024-09-29 05:00:55 [main] INFO  org.testng.internal.Utils - [Utils] MethodGroupsHelper.sortMethods() took 0 ms.
2024-09-29 05:00:55 [main] INFO  org.testng.internal.Utils - [Utils] MethodGroupsHelper.collectMethodsByGroup() took 0 ms.
2024-09-29 05:00:55 [main] INFO  org.testng.internal.Utils - [Utils] MethodGroupsHelper.sortMethods() took 0 ms.
2024-09-29 05:00:55 [main] INFO  org.testng.internal.Utils - [Utils] MethodGroupsHelper.collectMethodsByGroup() took 0 ms.
2024-09-29 05:00:55 [main] INFO  org.testng.internal.Utils - [Utils] MethodGroupsHelper.sortMethods() took 0 ms.
2024-09-29 05:00:55 [main] INFO  org.testng.internal.Utils - [Utils] MethodGroupsHelper.collectMethodsByGroup() took 0 ms.
2024-09-29 05:00:55 [main] INFO  org.testng.internal.Utils - [Utils] MethodGroupsHelper.sortMethods() took 0 ms.
2024-09-29 05:00:55 [main] INFO  org.testng.internal.Utils - [Utils] MethodGroupsHelper.collectMethodsByGroup() took 0 ms.
2024-09-29 05:00:55 [main] INFO  org.testng.internal.Utils - [Utils] MethodGroupsHelper.sortMethods() took 0 ms.
2024-09-29 05:00:55 [main] INFO  org.testng.internal.Utils - [Utils] MethodGroupsHelper.collectMethodsByGroup() took 0 ms.
2024-09-29 05:00:55 [main] INFO  org.testng.internal.Utils - [Utils] MethodGroupsHelper.sortMethods() took 1 ms.
2024-09-29 05:00:55 [main] INFO  org.testng.internal.Utils - [Utils] MethodGroupsHelper.collectMethodsByGroup() took 0 ms.
2024-09-29 05:00:55 [main] INFO  org.testng.internal.Utils - [Utils] MethodGroupsHelper.sortMethods() took 0 ms.
2024-09-29 05:00:55 [main] INFO  org.testng.internal.Utils - [Utils] MethodGroupsHelper.collectMethodsByGroup() took 0 ms.
2024-09-29 05:00:55 [main] INFO  org.testng.internal.Utils - [Utils] MethodGroupsHelper.sortMethods() took 0 ms.
2024-09-29 05:00:55 [main] INFO  org.testng.internal.Utils - [Utils] MethodGroupsHelper.collectMethodsByGroup() took 0 ms.
2024-09-29 05:00:55 [main] INFO  org.testng.internal.Utils - [Utils] MethodGroupsHelper.sortMethods() took 0 ms.
2024-09-29 05:00:55 [main] INFO  org.testng.internal.Utils - [Utils] MethodGroupsHelper.collectMethodsByGroup() took 0 ms.
2024-09-29 05:00:55 [main] INFO  org.testng.internal.Utils - [Utils] MethodGroupsHelper.sortMethods() took 0 ms.
2024-09-29 05:00:55 [main] INFO  org.testng.internal.Utils - [Utils] MethodGroupsHelper.collectMethodsByGroup() took 0 ms.
2024-09-29 05:00:55 [main] INFO  org.testng.internal.Utils - [Utils] MethodGroupsHelper.sortMethods() took 0 ms.
2024-09-29 05:00:55 [main] INFO  org.testng.internal.Utils - [Utils] MethodGroupsHelper.collectMethodsByGroup() took 0 ms.
2024-09-29 05:00:55 [main] INFO  org.testng.internal.Utils - [Utils] MethodGroupsHelper.sortMethods() took 0 ms.
2024-09-29 05:00:55 [main] INFO  org.testng.internal.Utils - [Utils] MethodGroupsHelper.collectMethodsByGroup() took 0 ms.
2024-09-29 05:00:55 [main] INFO  org.testng.internal.Utils - [Utils] MethodGroupsHelper.sortMethods() took 0 ms.
2024-09-29 05:00:55 [main] INFO  org.testng.internal.Utils - [Utils] MethodGroupsHelper.collectMethodsByGroup() took 0 ms.
2024-09-29 05:00:55 [main] INFO  org.testng.internal.Utils - [Utils] MethodGroupsHelper.sortMethods() took 0 ms.
2024-09-29 05:00:55 [main] INFO  org.testng.internal.Utils - [Utils] MethodGroupsHelper.collectMethodsByGroup() took 0 ms.
2024-09-29 05:00:55 [main] INFO  org.testng.internal.Utils - [Utils] MethodGroupsHelper.sortMethods() took 0 ms.
2024-09-29 05:00:55 [main] INFO  org.testng.internal.Utils - [Utils] MethodGroupsHelper.collectMethodsByGroup() took 0 ms.
2024-09-29 05:00:55 [main] INFO  org.testng.internal.Utils - [Utils] MethodGroupsHelper.sortMethods() took 0 ms.
2024-09-29 05:00:55 [main] INFO  org.testng.internal.Utils - [Utils] MethodGroupsHelper.collectMethodsByGroup() took 0 ms.
2024-09-29 05:00:55 [main] INFO  org.testng.internal.Utils - [Utils] MethodGroupsHelper.sortMethods() took 0 ms.
2024-09-29 05:00:55 [main] INFO  org.testng.internal.Utils - [Utils] MethodGroupsHelper.collectMethodsByGroup() took 0 ms.
2024-09-29 05:00:55 [main] INFO  org.testng.internal.Utils - [Utils] MethodGroupsHelper.sortMethods() took 0 ms.
2024-09-29 05:00:55 [main] INFO  org.testng.internal.Utils - [Utils] MethodGroupsHelper.collectMethodsByGroup() took 0 ms.
2024-09-29 05:00:55 [main] INFO  org.testng.internal.Utils - [Utils] MethodGroupsHelper.sortMethods() took 0 ms.
2024-09-29 05:00:55 [main] INFO  org.testng.internal.Utils - [Utils] MethodGroupsHelper.collectMethodsByGroup() took 0 ms.
2024-09-29 05:00:55 [main] INFO  org.testng.internal.Utils - [Utils] MethodGroupsHelper.sortMethods() took 0 ms.
2024-09-29 05:00:55 [main] INFO  org.testng.internal.Utils - [Utils] MethodGroupsHelper.collectMethodsByGroup() took 0 ms.
2024-09-29 05:00:55 [main] INFO  org.testng.internal.Utils - [Utils] MethodGroupsHelper.sortMethods() took 0 ms.
2024-09-29 05:00:55 [main] INFO  org.testng.internal.Utils - [Utils] MethodGroupsHelper.collectMethodsByGroup() took 0 ms.
2024-09-29 05:00:55 [main] INFO  org.testng.internal.Utils - [Utils] MethodGroupsHelper.sortMethods() took 0 ms.
2024-09-29 05:00:55 [main] INFO  org.testng.internal.Utils - [Utils] MethodGroupsHelper.collectMethodsByGroup() took 0 ms.
2024-09-29 05:00:55 [main] INFO  org.testng.internal.Utils - [Utils] MethodGroupsHelper.sortMethods() took 0 ms.
2024-09-29 05:00:55 [main] INFO  org.testng.internal.Utils - [Utils] MethodGroupsHelper.collectMethodsByGroup() took 0 ms.
2024-09-29 05:00:55 [main] INFO  org.testng.internal.Utils - [Utils] MethodGroupsHelper.sortMethods() took 0 ms.
2024-09-29 05:00:55 [main] INFO  org.testng.internal.Utils - [Utils] MethodGroupsHelper.collectMethodsByGroup() took 0 ms.
2024-09-29 05:00:55 [main] INFO  org.testng.internal.Utils - [Utils] MethodGroupsHelper.sortMethods() took 0 ms.
2024-09-29 05:00:56 [main] INFO  org.testng.internal.Utils - [Utils] MethodGroupsHelper.collectMethodsByGroup() took 0 ms.
2024-09-29 05:00:56 [main] INFO  org.testng.internal.Utils - [Utils] MethodGroupsHelper.sortMethods() took 1 ms.
2024-09-29 05:00:56 [main] INFO  org.testng.internal.Utils - [Utils] MethodGroupsHelper.collectMethodsByGroup() took 0 ms.
2024-09-29 05:00:56 [main] INFO  org.testng.internal.Utils - [Utils] MethodGroupsHelper.sortMethods() took 0 ms.
2024-09-29 05:00:56 [main] INFO  org.testng.internal.Utils - [Utils] MethodGroupsHelper.collectMethodsByGroup() took 0 ms.
2024-09-29 05:00:56 [main] INFO  org.testng.internal.Utils - [Utils] MethodGroupsHelper.sortMethods() took 0 ms.
2024-09-29 05:00:56 [main] INFO  org.testng.internal.Utils - [Utils] MethodGroupsHelper.collectMethodsByGroup() took 0 ms.
2024-09-29 05:00:56 [main] INFO  org.testng.internal.Utils - [Utils] MethodGroupsHelper.sortMethods() took 0 ms.
2024-09-29 05:00:56 [main] INFO  org.testng.internal.Utils - [Utils] MethodGroupsHelper.collectMethodsByGroup() took 0 ms.
2024-09-29 05:00:56 [main] INFO  org.testng.internal.Utils - [Utils] MethodGroupsHelper.sortMethods() took 0 ms.
2024-09-29 05:00:56 [main] INFO  org.testng.internal.Utils - [Utils] MethodGroupsHelper.collectMethodsByGroup() took 1 ms.
2024-09-29 05:00:56 [main] INFO  org.testng.internal.Utils - [Utils] MethodGroupsHelper.sortMethods() took 0 ms.
2024-09-29 05:00:56 [main] INFO  org.testng.internal.Utils - [Utils] MethodGroupsHelper.collectMethodsByGroup() took 0 ms.
2024-09-29 05:00:56 [main] INFO  org.testng.internal.Utils - [Utils] MethodGroupsHelper.sortMethods() took 0 ms.
2024-09-29 05:00:56 [main] INFO  org.testng.internal.Utils - [Utils] MethodGroupsHelper.collectMethodsByGroup() took 0 ms.
2024-09-29 05:00:56 [main] INFO  org.testng.internal.Utils - [Utils] MethodGroupsHelper.sortMethods() took 0 ms.
2024-09-29 05:00:56 [main] INFO  org.testng.internal.Utils - [Utils] MethodGroupsHelper.collectMethodsByGroup() took 0 ms.
2024-09-29 05:00:56 [main] INFO  org.testng.internal.Utils - [Utils] MethodGroupsHelper.sortMethods() took 0 ms.
2024-09-29 05:00:56 [main] INFO  org.testng.internal.Utils - [Utils] MethodGroupsHelper.collectMethodsByGroup() took 0 ms.
2024-09-29 05:00:56 [main] INFO  org.testng.internal.Utils - [Utils] MethodGroupsHelper.sortMethods() took 0 ms.
2024-09-29 05:00:56 [main] INFO  org.testng.internal.Utils - [Utils] MethodGroupsHelper.collectMethodsByGroup() took 3 ms.
2024-09-29 05:00:56 [main] INFO  org.testng.internal.Utils - [Utils] MethodGroupsHelper.sortMethods() took 4 ms.
2024-09-29 05:00:56 [main] INFO  org.testng.internal.Utils - [Utils] MethodGroupsHelper.collectMethodsByGroup() took 0 ms.
2024-09-29 05:00:56 [main] INFO  org.testng.internal.Utils - [Utils] MethodGroupsHelper.sortMethods() took 0 ms.
2024-09-29 05:00:56 [main] INFO  org.testng.internal.Utils - [Utils] MethodGroupsHelper.collectMethodsByGroup() took 2 ms.
2024-09-29 05:00:56 [main] INFO  org.testng.internal.Utils - [Utils] MethodGroupsHelper.sortMethods() took 2 ms.
2024-09-29 05:00:56 [main] INFO  org.testng.internal.Utils - [Utils] MethodGroupsHelper.collectMethodsByGroup() took 0 ms.
2024-09-29 05:00:56 [main] INFO  org.testng.internal.Utils - [Utils] MethodGroupsHelper.sortMethods() took 0 ms.
2024-09-29 05:00:56 [main] INFO  org.testng.internal.Utils - [Utils] MethodGroupsHelper.collectMethodsByGroup() took 0 ms.
2024-09-29 05:00:56 [main] INFO  org.testng.internal.Utils - [Utils] MethodGroupsHelper.sortMethods() took 0 ms.
Logging to file: java.io.PrintStream@2e47a71e
2024-09-29 05:00:57 [main] INFO  c.c.request.ApiTest.articleAPITest - Starting setup to get the token...
Request method:	POST
Request URI:	https://api.realworld.io/api/users/login
Proxy:			<none>
Request params:	<none>
Query params:	<none>
Form params:	<none>
Path params:	<none>
Headers:		Accept=*/*
				Content-Type=application/json
Cookies:		<none>
Multiparts:		<none>
Body:
{
    "user": {
        "email": "rayrosh4@gmail.com",
        "password": "Vvbh@8989"
    }
}
HTTP/1.1 200 OK
Date: Sun, 29 Sep 2024 12:01:03 GMT
Content-Type: application/json; charset=utf-8
Transfer-Encoding: chunked
Connection: keep-alive
Report-To: {"group":"heroku-nel","max_age":3600,"endpoints":[{"url":"https://nel.heroku.com/reports?ts=1727611263&sid=c46efe9b-d3d2-4a0c-8c76-bfafa16c5add&s=OmZ7ot1wRlRBqRo9O%2FHQb0Avm8EE9NINADZ79MNsUWw%3D"}]}
Reporting-Endpoints: heroku-nel=https://nel.heroku.com/reports?ts=1727611263&sid=c46efe9b-d3d2-4a0c-8c76-bfafa16c5add&s=OmZ7ot1wRlRBqRo9O%2FHQb0Avm8EE9NINADZ79MNsUWw%3D
Nel: {"report_to":"heroku-nel","max_age":3600,"success_fraction":0.005,"failure_fraction":0.05,"response_headers":["Via"]}
X-Powered-By: Express
Access-Control-Allow-Origin: *
Etag: W/"128-hAfcVBcV9E8EsTSGfYDIxo66sPs"
Via: 1.1 vegur
CF-Cache-Status: DYNAMIC
Server: cloudflare
CF-RAY: 8cabd0f77df63f4a-SIN
Content-Encoding: gzip

{
    "user": {
        "email": "rayrosh4@gmail.com",
        "username": "rayrosh4",
        "bio": null,
        "image": "https://api.realworld.io/images/smiley-cyrus.jpeg",
        "token": "eyJhbGciOiJIUzI1NiIsInR5cCI6IkpXVCJ9.eyJ1c2VyIjp7ImlkIjo1MDc5fSwiaWF0IjoxNzI3NjExMjYzLCJleHAiOjE3MzI3OTUyNjN9.G9cZ2IRQBc8gcqOoyXvo4_0aBccKlxOeY2DpT7jL5iw"
    }
}
Response Body: {"user":{"email":"rayrosh4@gmail.com","username":"rayrosh4","bio":null,"image":"https://api.realworld.io/images/smiley-cyrus.jpeg","token":"eyJhbGciOiJIUzI1NiIsInR5cCI6IkpXVCJ9.eyJ1c2VyIjp7ImlkIjo1MDc5fSwiaWF0IjoxNzI3NjExMjYzLCJleHAiOjE3MzI3OTUyNjN9.G9cZ2IRQBc8gcqOoyXvo4_0aBccKlxOeY2DpT7jL5iw"}}
Token:eyJhbGciOiJIUzI1NiIsInR5cCI6IkpXVCJ9.eyJ1c2VyIjp7ImlkIjo1MDc5fSwiaWF0IjoxNzI3NjExMjYzLCJleHAiOjE3MzI3OTUyNjN9.G9cZ2IRQBc8gcqOoyXvo4_0aBccKlxOeY2DpT7jL5iw
2024-09-29 05:01:02 [main] INFO  c.c.request.ApiTest.articleAPITest - Auth token received: eyJhbGciOiJIUzI1NiIsInR5cCI6IkpXVCJ9.eyJ1c2VyIjp7ImlkIjo1MDc5fSwiaWF0IjoxNzI3NjExMjYzLCJleHAiOjE3MzI3OTUyNjN9.G9cZ2IRQBc8gcqOoyXvo4_0aBccKlxOeY2DpT7jL5iw
2024-09-29 05:01:02 [main] INFO  c.c.request.ApiTest.articleAPITest - Global RequestSpecification set with Authorization header.
2024-09-29 05:01:02 [main] INFO  c.c.request.ApiTest.articleAPITest - Loading Fixtures Templates from util packages
2024-09-29 05:01:03 [main] INFO  org.testng.internal.Utils - [Utils] DynamicGraphHelper.createDynamicGraph() took 23 ms.
Request method:	DELETE
Request URI:	https://api.realworld.io/api/articles/Arlean-5079
Proxy:			<none>
Request params:	<none>
Query params:	<none>
Form params:	<none>
Path params:	<none>
Headers:		Authorization=Bearer eyJhbGciOiJIUzI1NiIsInR5cCI6IkpXVCJ9.eyJ1c2VyIjp7ImlkIjo1MDc5fSwiaWF0IjoxNzI3NjExMjYzLCJleHAiOjE3MzI3OTUyNjN9.G9cZ2IRQBc8gcqOoyXvo4_0aBccKlxOeY2DpT7jL5iw
				authorization=Token eyJhbGciOiJIUzI1NiIsInR5cCI6IkpXVCJ9.eyJ1c2VyIjp7ImlkIjo1MDc5fSwiaWF0IjoxNzI3NjExMjYzLCJleHAiOjE3MzI3OTUyNjN9.G9cZ2IRQBc8gcqOoyXvo4_0aBccKlxOeY2DpT7jL5iw
				Accept=*/*
				Content-Type=application/json
Cookies:		<none>
Multiparts:		<none>
Body:			<none>
Request method:	DELETE
Request URI:	https://api.realworld.io/api/articles/Arlean-5079
Proxy:			<none>
Request params:	<none>
Query params:	<none>
Form params:	<none>
Path params:	<none>
Headers:		Authorization=Bearer eyJhbGciOiJIUzI1NiIsInR5cCI6IkpXVCJ9.eyJ1c2VyIjp7ImlkIjo1MDc5fSwiaWF0IjoxNzI3NjExMjYzLCJleHAiOjE3MzI3OTUyNjN9.G9cZ2IRQBc8gcqOoyXvo4_0aBccKlxOeY2DpT7jL5iw
				authorization=Token eyJhbGciOiJIUzI1NiIsInR5cCI6IkpXVCJ9.eyJ1c2VyIjp7ImlkIjo1MDc5fSwiaWF0IjoxNzI3NjExMjYzLCJleHAiOjE3MzI3OTUyNjN9.G9cZ2IRQBc8gcqOoyXvo4_0aBccKlxOeY2DpT7jL5iw
				Accept=*/*
				Content-Type=application/json
Cookies:		<none>
Multiparts:		<none>
Body:			<none>
HTTP/1.1 404 Not Found
Date: Sun, 29 Sep 2024 12:01:07 GMT
Content-Type: application/json; charset=utf-8
Content-Length: 2
Connection: keep-alive
Report-To: {"group":"heroku-nel","max_age":3600,"endpoints":[{"url":"https://nel.heroku.com/reports?ts=1727611266&sid=c46efe9b-d3d2-4a0c-8c76-bfafa16c5add&s=unV41CtP7NSgsPLO6EiLgEwmGIdRMN7xyb6ahvFYyNY%3D"}]}
Reporting-Endpoints: heroku-nel=https://nel.heroku.com/reports?ts=1727611266&sid=c46efe9b-d3d2-4a0c-8c76-bfafa16c5add&s=unV41CtP7NSgsPLO6EiLgEwmGIdRMN7xyb6ahvFYyNY%3D
Nel: {"report_to":"heroku-nel","max_age":3600,"success_fraction":0.005,"failure_fraction":0.05,"response_headers":["Via"]}
X-Powered-By: Express
Access-Control-Allow-Origin: *
Etag: W/"2-vyGp6PvFo4RvsFtPoIWeCReyIC8"
Via: 1.1 vegur
CF-Cache-Status: DYNAMIC
Server: cloudflare
CF-RAY: 8cabd10fa8e45fd5-SIN

{
    
}
HTTP/1.1 404 Not Found
Date: Sun, 29 Sep 2024 12:01:07 GMT
Content-Type: application/json; charset=utf-8
Content-Length: 2
Connection: keep-alive
Report-To: {"group":"heroku-nel","max_age":3600,"endpoints":[{"url":"https://nel.heroku.com/reports?ts=1727611266&sid=c46efe9b-d3d2-4a0c-8c76-bfafa16c5add&s=unV41CtP7NSgsPLO6EiLgEwmGIdRMN7xyb6ahvFYyNY%3D"}]}
Reporting-Endpoints: heroku-nel=https://nel.heroku.com/reports?ts=1727611266&sid=c46efe9b-d3d2-4a0c-8c76-bfafa16c5add&s=unV41CtP7NSgsPLO6EiLgEwmGIdRMN7xyb6ahvFYyNY%3D
Nel: {"report_to":"heroku-nel","max_age":3600,"success_fraction":0.005,"failure_fraction":0.05,"response_headers":["Via"]}
X-Powered-By: Express
Access-Control-Allow-Origin: *
Etag: W/"2-vyGp6PvFo4RvsFtPoIWeCReyIC8"
Via: 1.1 vegur
CF-Cache-Status: DYNAMIC
Server: cloudflare
CF-RAY: 8cabd10fa8e45fd5-SIN

{
    
}
statusCode = 404
response = {}
]]></system-out>
    <system-err><![CDATA[SLF4J: Class path contains multiple SLF4J bindings.
SLF4J: Found binding in [jar:file:/C:/Users/Lenovo/.m2/repository/ch/qos/logback/logback-classic/1.2.3/logback-classic-1.2.3.jar!/org/slf4j/impl/StaticLoggerBinder.class]
SLF4J: Found binding in [jar:file:/C:/Users/Lenovo/.m2/repository/org/slf4j/slf4j-simple/1.7.32/slf4j-simple-1.7.32.jar!/org/slf4j/impl/StaticLoggerBinder.class]
SLF4J: See http://www.slf4j.org/codes.html#multiple_bindings for an explanation.
SLF4J: Actual binding is of type [ch.qos.logback.classic.util.ContextSelectorStaticBinder]
log4j:WARN No appenders could be found for logger (org.apache.http.impl.conn.BasicClientConnectionManager).
log4j:WARN Please initialize the log4j system properly.
]]></system-err>
  </testcase>
  <testcase name="getSingleArticleBySlugTestNegative" classname="com.conduit.request.ApiTest.DeleteArticelApiTest" time="2.792"/>
  <testcase name="addCommentAPITest" classname="com.conduit.request.ApiTest.addCommentAPITest" time="0.952"/>
  <testcase name="addCommentAPITestViaTemplate" classname="com.conduit.request.ApiTest.addCommentAPITest" time="0.85"/>
  <testcase name="createNewArticle" classname="com.conduit.request.ApiTest.articleAPITest" time="0.888"/>
  <testcase name="createNewArticleViaTemplate" classname="com.conduit.request.ApiTest.articleAPITest" time="0.867"/>
  <testcase name="createNewArticleRequestSchemaValidation" classname="com.conduit.request.ApiTest.articleAPITest" time="0.055"/>
  <testcase name="createNewArticleRequestNegativeSchemaValidation" classname="com.conduit.request.ApiTest.articleAPITest" time="0.006"/>
  <testcase name="createNewArticleResponseSchemaValidation" classname="com.conduit.request.ApiTest.articleAPITest" time="1.241"/>
  <testcase name="createNewArticleResponseNegativeSchemaValidation" classname="com.conduit.request.ApiTest.articleAPITest" time="0.925"/>
  <testcase name="createNewArticle" classname="com.conduit.request.ApiTest.articleAPITestWithBeforeSuiteSetup" time="0.897"/>
  <testcase name="createNewArticleViaTemplate" classname="com.conduit.request.ApiTest.articleAPITestWithBeforeSuiteSetup" time="0.815"/>
  <testcase name="createNewArticleRequestSchemaValidation" classname="com.conduit.request.ApiTest.articleAPITestWithBeforeSuiteSetup" time="0.006"/>
  <testcase name="createNewArticleRequestNegativeSchemaValidation" classname="com.conduit.request.ApiTest.articleAPITestWithBeforeSuiteSetup" time="0.011"/>
  <testcase name="createNewArticleResponseSchemaValidation" classname="com.conduit.request.ApiTest.articleAPITestWithBeforeSuiteSetup" time="0.825"/>
  <testcase name="createNewArticleResponseNegativeSchemaValidation" classname="com.conduit.request.ApiTest.articleAPITestWithBeforeSuiteSetup" time="0.861"/>
  <testcase name="loginUser" classname="com.conduit.request.ApiTest.loginApiTest" time="1.324"/>
  <testcase name="setGetToken" classname="com.conduit.request.ApiTest.loginApiTest" time="0.945"/>
  <testcase name="updateArticleTest" classname="com.conduit.request.ApiTest.updateArticleApiTest" time="0.847"/>
</testsuite>