-------------------------------------------------------------------------------
Test set: TestSuite
-------------------------------------------------------------------------------
Tests run: 19, Failures: 1, Errors: 0, Skipped: 0, Time elapsed: 26.49 s <<< FAILURE! - in TestSuite
deleteValidArticleTest(com.conduit.request.ApiTest.DeleteArticelApiTest)  Time elapsed: 1.427 s  <<< FAILURE!
java.lang.AssertionError: expected [204] but found [404]
	at com.conduit.request.ApiTest.DeleteArticelApiTest.deleteValidArticleTest(DeleteArticelApiTest.java:45)

